[23:05:25] [main/INFO]: Using mbed TLS based native cipher.
[23:05:25] [main/INFO]: Using zlib based native compressor.
[23:05:25] [main/INFO]: Enabled Waterfall version git:Waterfall-Bootstrap:1.20-R0.2-SNAPSHOT:92b5149:562
[23:05:25] [main/INFO]: Not on Windows, attempting to use enhanced EpollEventLoop
[23:05:25] [main/INFO]: Epoll is working, utilising it!
[23:05:25] [main/INFO]: Discovered module: ModuleSpec(name=cmd_alert, file=modules/cmd_alert.jar, provider=JenkinsModuleSource())
[23:05:25] [main/INFO]: Discovered module: ModuleSpec(name=cmd_find, file=modules/cmd_find.jar, provider=JenkinsModuleSource())
[23:05:25] [main/INFO]: Discovered module: ModuleSpec(name=cmd_list, file=modules/cmd_list.jar, provider=JenkinsModuleSource())
[23:05:25] [main/INFO]: Discovered module: ModuleSpec(name=cmd_send, file=modules/cmd_send.jar, provider=JenkinsModuleSource())
[23:05:25] [main/INFO]: Discovered module: ModuleSpec(name=cmd_server, file=modules/cmd_server.jar, provider=JenkinsModuleSource())
[23:05:25] [main/INFO]: Discovered module: ModuleSpec(name=reconnect_yaml, file=modules/reconnect_yaml.jar, provider=JenkinsModuleSource())
[23:05:25] [main/INFO]: Loaded plugin reconnect_yaml version git:reconnect_yaml:1.20-R0.2-SNAPSHOT:92b5149:562 by WaterfallMC
[23:05:25] [main/INFO]: Loaded plugin cmd_find version git:cmd_find:1.20-R0.2-SNAPSHOT:92b5149:562 by WaterfallMC
[23:05:25] [main/INFO]: Loaded plugin AuthMeBungee version 2.2.0-beta1 by AuthMeTeam
[23:05:25] [main/INFO]: Loaded plugin cmd_server version git:cmd_server:1.20-R0.2-SNAPSHOT:92b5149:562 by WaterfallMC
[23:05:25] [main/INFO]: Loaded plugin cmd_alert version git:cmd_alert:1.20-R0.2-SNAPSHOT:92b5149:562 by WaterfallMC
[23:05:25] [main/INFO]: Loaded plugin cmd_send version git:cmd_send:1.20-R0.2-SNAPSHOT:92b5149:562 by WaterfallMC
[23:05:25] [main/INFO]: Loaded plugin cmd_list version git:cmd_list:1.20-R0.2-SNAPSHOT:92b5149:562 by WaterfallMC
[23:05:25] [main/WARN]: :>:>:>:>:>:>:>:>:>:>:>:>:>:>:>:>:>:>:>:>:>:>:>
[23:05:25] [main/WARN]: :>  
[23:05:25] [main/WARN]: :>      EAGLERCRAFTXBUNGEE WARNING:
[23:05:25] [main/WARN]: :>  
[23:05:25] [main/WARN]: :>  This plugin wasn't tested to be 'working'
[23:05:25] [main/WARN]: :>  with ANY version of BungeeCord (and forks)
[23:05:25] [main/WARN]: :>  apart from the versions listed below:
[23:05:25] [main/WARN]: :>  
[23:05:25] [main/WARN]: :>  - BungeeCord: 1.21-R0.1-SNAPSHOT:1265a99:1892
[23:05:25] [main/WARN]: :>  - https://ci.md-5.net/job/BungeeCord/1892/artifact/bootstrap/target/BungeeCord.jar
[23:05:25] [main/WARN]: :>  
[23:05:25] [main/WARN]: :>  - Waterfall: 1.21-R0.1-SNAPSHOT:9ab9e2b:582
[23:05:25] [main/WARN]: :>  - https://api.papermc.io/v2/projects/waterfall/versions/1.21/builds/582/downloads/waterfall-1.21-582.jar
[23:05:25] [main/WARN]: :>  
[23:05:25] [main/WARN]: :>  This is not a Bukkit/Spigot plugin!
[23:05:25] [main/WARN]: :>  
[23:05:25] [main/WARN]: :>  Use "-Deaglerxbungee.stfu=true" to hide
[23:05:25] [main/WARN]: :>  
[23:05:25] [main/WARN]: :>:>:>:>:>:>:>:>:>:>:>:>:>:>:>:>:>:>:>:>:>:>:>
[23:05:25] [main/INFO]: Loaded plugin EaglercraftXBungee version 1.3.5 by lax1dude
[23:05:25] [main/WARN]: Forced host server pvp is not defined
[23:05:25] [main/INFO]: Enabled plugin reconnect_yaml version git:reconnect_yaml:1.20-R0.2-SNAPSHOT:92b5149:562 by WaterfallMC
[23:05:25] [main/INFO]: Enabled plugin cmd_find version git:cmd_find:1.20-R0.2-SNAPSHOT:92b5149:562 by WaterfallMC
[23:05:25] [main/INFO] [AuthMeBungee]: Current auth servers:
[23:05:25] [main/INFO] [AuthMeBungee]: > lobby
[23:05:25] [main/INFO] [AuthMeBungee]: > survival
[23:05:25] [main/INFO]: Enabled plugin AuthMeBungee version 2.2.0-beta1 by AuthMeTeam
[23:05:25] [main/INFO]: Enabled plugin cmd_server version git:cmd_server:1.20-R0.2-SNAPSHOT:92b5149:562 by WaterfallMC
[23:05:25] [main/INFO]: Enabled plugin cmd_alert version git:cmd_alert:1.20-R0.2-SNAPSHOT:92b5149:562 by WaterfallMC
[23:05:25] [main/INFO]: Enabled plugin cmd_send version git:cmd_send:1.20-R0.2-SNAPSHOT:92b5149:562 by WaterfallMC
[23:05:25] [main/INFO]: Enabled plugin cmd_list version git:cmd_list:1.20-R0.2-SNAPSHOT:92b5149:562 by WaterfallMC
[23:05:25] [main/ERROR] [EaglercraftXBungee]: Online mode is set to false! Authentication system has been disabled
[23:05:25] [Netty Boss IO Thread #0/INFO] [EaglercraftXBungee]: Eaglercraft is listening on: /0.0.0.0:8081
[23:05:25] [main/INFO] [EaglercraftXBungee]: Connected to database: jdbc:sqlite:eaglercraft_skins_cache.db
[23:05:25] [main/WARN] [EaglercraftXBungee]: Voice chat enabled, not recommended for public servers!
[23:05:25] [main/INFO]: Enabled plugin EaglercraftXBungee version 1.3.5 by lax1dude
[23:05:25] [EaglerXBungee: Update Service Tasks/INFO] [EaglercraftXBungee]: Loaded certificate: /workspaces/EaglercraftX-Server/bungee/plugins/EaglercraftXBungee/eagcert/$dl.ba375b9add3c01ca11899be958188189a3885a59.cert
[23:05:25] [EaglerXBungee: Update Service Tasks/INFO] [EaglercraftXBungee]: Loaded certificate: /workspaces/EaglercraftX-Server/bungee/plugins/EaglercraftXBungee/eagcert/$dl.2c63d6a9be9d273db57d50cb026093cb97ea6e54.cert
[23:05:25] [Netty Boss IO Thread #1/INFO]: Listening on /0.0.0.0:25577
[23:09:22] [Shutdown Thread/INFO]: Closing listener [id: 0xf66c2750, L:/[0:0:0:0:0:0:0:0%0]:25577]
[23:09:22] [Shutdown Thread/INFO]: Closing pending connections
[23:09:22] [Shutdown Thread/INFO]: Disconnecting 0 connections
[23:09:23] [Shutdown Thread/INFO]: Saving reconnect locations
[23:09:23] [Shutdown Thread/INFO]: Disabling plugins
[23:09:23] [Shutdown Thread/INFO] [EaglercraftXBungee]: Eaglercraft listener closed: /0.0.0.0:8081
[23:09:23] [Shutdown Thread/INFO] [EaglercraftXBungee]: Successfully disconnected from database 'jdbc:sqlite:eaglercraft_skins_cache.db'
[23:09:23] [Shutdown Thread/INFO]: Closing IO threads
[23:09:25] [Shutdown Thread/INFO]: Thank you and goodbye
