[2024-09-19 10:10:35] [INFO]:
Spectator UUID: 8b7892db-8420-3be9-ad2e-79926d129c81
Spectator Name: FormedChicken67
Taken         : [TNT x 1]
Given         : [STONE x 8]
Target        : survivor_man5192
[2024-09-19 14:44:39] [INFO]:
Spectator UUID: 8b7892db-8420-3be9-ad2e-79926d129c81
Spectator Name: FormedChicken67
Taken         : [ENCHANTMENT_TABLE x 1]
Given         : []
Target        : survivor_man5192
[2024-09-20 08:16:21] [INFO]:
Spectator UUID: 8b7892db-8420-3be9-ad2e-79926d129c81
Spectator Name: FormedChicken67
Taken         : [ENCHANTMENT_TABLE x 1, BOOK x 45]
Given         : [EGG x 1, PAPER x 9]
Target        : Pigman
[2024-09-20 08:17:25] [INFO]:
Spectator UUID: 8b7892db-8420-3be9-ad2e-79926d129c81
Spectator Name: FormedChicken67
Taken         : [LOG_2 x 17]
Given         : [WOOD x 5]
Target        : Pigman
[2024-09-20 08:17:25] [INFO]:
Spectator UUID: 8b7892db-8420-3be9-ad2e-79926d129c81
Spectator Name: FormedChicken67
Taken         : [LOG_2 x 17]
Given         : [WOOD x 5]
Target        : Pigman
[2024-09-20 08:18:44] [INFO]:
Spectator UUID: 8b7892db-8420-3be9-ad2e-79926d129c81
Spectator Name: FormedChicken67
Taken         : []
Given         : [WOOD x 4]
Target        : Pigman
[2024-09-20 08:18:44] [INFO]:
Spectator UUID: 8b7892db-8420-3be9-ad2e-79926d129c81
Spectator Name: FormedChicken67
Taken         : []
Given         : [WOOD x 4]
Target        : Pigman
[2024-09-20 08:18:44] [INFO]:
Spectator UUID: 8b7892db-8420-3be9-ad2e-79926d129c81
Spectator Name: FormedChicken67
Taken         : []
Given         : [WOOD x 4]
Target        : Pigman
[2024-09-24 09:17:31] [INFO]:
Spectator UUID: 8b7892db-8420-3be9-ad2e-79926d129c81
Spectator Name: FormedChicken67
Taken         : [COBBLESTONE x 112]
Given         : [WOOD x 2]
Target        : Yessir_
[2024-09-24 10:12:00] [INFO]:
Spectator UUID: 8b7892db-8420-3be9-ad2e-79926d129c81
Spectator Name: FormedChicken67
Taken         : [COBBLESTONE x 61]
Given         : []
Target        : Pigman
[2024-09-24 10:59:27] [INFO]:
Spectator UUID: 8b7892db-8420-3be9-ad2e-79926d129c81
Spectator Name: FormedChicken67
Taken         : [COBBLESTONE x 83]
Given         : []
Target        : Kas0fficial
[2024-09-24 11:02:23] [INFO]:
Spectator UUID: 8b7892db-8420-3be9-ad2e-79926d129c81
Spectator Name: FormedChicken67
Taken         : [COBBLESTONE x 11]
Given         : []
Target        : Kas0fficial
[2024-09-24 11:03:40] [INFO]:
Spectator UUID: 8b7892db-8420-3be9-ad2e-79926d129c81
Spectator Name: FormedChicken67
Taken         : [COBBLESTONE x 318]
Given         : []
Target        : Survivor_man5192
[2024-09-24 11:03:40] [INFO]:
Spectator UUID: 8b7892db-8420-3be9-ad2e-79926d129c81
Spectator Name: FormedChicken67
Taken         : [COBBLESTONE x 318]
Given         : []
Target        : Survivor_man5192
[2024-09-24 11:03:40] [INFO]:
Spectator UUID: 8b7892db-8420-3be9-ad2e-79926d129c81
Spectator Name: FormedChicken67
Taken         : [COBBLESTONE x 318]
Given         : []
Target        : Survivor_man5192
[2024-09-24 11:03:40] [INFO]:
Spectator UUID: 8b7892db-8420-3be9-ad2e-79926d129c81
Spectator Name: FormedChicken67
Taken         : [COBBLESTONE x 318]
Given         : []
Target        : Survivor_man5192
[2024-09-24 14:42:21] [INFO]:
Spectator UUID: 8b7892db-8420-3be9-ad2e-79926d129c81
Spectator Name: FormedChicken67
Taken         : [COBBLESTONE x 6]
Given         : []
Target        : Yessir_
[2024-09-24 14:42:41] [INFO]:
Spectator UUID: 8b7892db-8420-3be9-ad2e-79926d129c81
Spectator Name: FormedChicken67
Taken         : [COBBLESTONE x 188]
Given         : []
Target        : Kas0fficial
[2024-09-24 14:42:41] [INFO]:
Spectator UUID: 8b7892db-8420-3be9-ad2e-79926d129c81
Spectator Name: FormedChicken67
Taken         : [COBBLESTONE x 188]
Given         : []
Target        : Kas0fficial
[2024-09-25 14:41:32] [INFO]:
Spectator UUID: 8b7892db-8420-3be9-ad2e-79926d129c81
Spectator Name: FormedChicken67
Taken         : []
Given         : [WOOD x 64]
Target        : Kas0fficial
[2024-09-25 14:42:58] [INFO]:
Spectator UUID: 8b7892db-8420-3be9-ad2e-79926d129c81
Spectator Name: FormedChicken67
Taken         : [IRON_INGOT x 7]
Given         : []
Target        : JLB50000
[2024-09-25 14:45:02] [INFO]:
Spectator UUID: 8b7892db-8420-3be9-ad2e-79926d129c81
Spectator Name: FormedChicken67
Taken         : [SAND x 64]
Given         : []
Target        : Kas0fficial
[2024-09-25 14:46:25] [INFO]:
Spectator UUID: 8b7892db-8420-3be9-ad2e-79926d129c81
Spectator Name: FormedChicken67
Taken         : []
Given         : [SAND x 32]
Target        : Kas0fficial
[2024-09-27 09:19:50] [INFO]:
Spectator UUID: 8b7892db-8420-3be9-ad2e-79926d129c81
Spectator Name: FormedChicken67
Taken         : [PAPER x 1, SUGAR_CANE x 21]
Given         : []
Target        : Pigman
[2024-10-11 10:13:10] [INFO]:
Spectator UUID: 8b7892db-8420-3be9-ad2e-79926d129c81
Spectator Name: FormedChicken67
Taken         : [ROTTEN_FLESH x 2]
Given         : []
Target        : JLB50000
[2024-10-11 10:13:25] [INFO]:
Spectator UUID: 8b7892db-8420-3be9-ad2e-79926d129c81
Spectator Name: FormedChicken67
Taken         : [ROTTEN_FLESH x 3]
Given         : []
Target        : Thenomnomcow2
[2025-02-14 14:20:19] [INFO]:
Spectator UUID: 8b7892db-8420-3be9-ad2e-79926d129c81
Spectator Name: FormedChicken67
Taken         : []
Given         : [IRON_BOOTS x 1, IRON_HELMET x 1, IRON_CHESTPLATE x 1, IRON_LEGGINGS x 1]
Target        : Kas0fficial
[2025-02-14 14:22:17] [INFO]:
Spectator UUID: 8b7892db-8420-3be9-ad2e-79926d129c81
Spectator Name: FormedChicken67
Taken         : []
Given         : [ROTTEN_FLESH x 3]
Target        : Kas0fficial
[2025-02-14 14:22:17] [INFO]:
Spectator UUID: 8b7892db-8420-3be9-ad2e-79926d129c81
Spectator Name: FormedChicken67
Taken         : []
Given         : [ROTTEN_FLESH x 3]
Target        : Kas0fficial
[2025-02-14 14:22:17] [INFO]:
Spectator UUID: 8b7892db-8420-3be9-ad2e-79926d129c81
Spectator Name: FormedChicken67
Taken         : []
Given         : [ROTTEN_FLESH x 3]
Target        : Kas0fficial
[2025-02-14 14:23:00] [INFO]:
Spectator UUID: 8b7892db-8420-3be9-ad2e-79926d129c81
Spectator Name: FormedChicken67
Taken         : []
Given         : [BONE x 1, STONE x 46, COBBLESTONE x 294, GRAVEL x 15, FLINT x 3]
Target        : Kas0fficial
[2025-02-14 14:23:00] [INFO]:
Spectator UUID: 8b7892db-8420-3be9-ad2e-79926d129c81
Spectator Name: FormedChicken67
Taken         : []
Given         : [BONE x 1, STONE x 46, COBBLESTONE x 294, GRAVEL x 15, FLINT x 3]
Target        : Kas0fficial
[2025-02-14 14:23:00] [INFO]:
Spectator UUID: 8b7892db-8420-3be9-ad2e-79926d129c81
Spectator Name: FormedChicken67
Taken         : []
Given         : [BONE x 1, STONE x 46, COBBLESTONE x 294, GRAVEL x 15, FLINT x 3]
Target        : Kas0fficial
[2025-02-14 14:23:00] [INFO]:
Spectator UUID: 8b7892db-8420-3be9-ad2e-79926d129c81
Spectator Name: FormedChicken67
Taken         : []
Given         : [BONE x 1, STONE x 46, COBBLESTONE x 294, GRAVEL x 15, FLINT x 3]
Target        : Kas0fficial
[2025-02-14 14:24:55] [INFO]:
Spectator UUID: 8b7892db-8420-3be9-ad2e-79926d129c81
Spectator Name: FormedChicken67
Taken         : []
Given         : [SULPHUR x 2]
Target        : Kas0fficial
[2025-02-14 14:24:55] [INFO]:
Spectator UUID: 8b7892db-8420-3be9-ad2e-79926d129c81
Spectator Name: FormedChicken67
Taken         : []
Given         : [SULPHUR x 2]
Target        : Kas0fficial
[2025-02-14 14:24:55] [INFO]:
Spectator UUID: 8b7892db-8420-3be9-ad2e-79926d129c81
Spectator Name: FormedChicken67
Taken         : []
Given         : [SULPHUR x 2]
Target        : Kas0fficial
[2025-02-14 14:24:55] [INFO]:
Spectator UUID: 8b7892db-8420-3be9-ad2e-79926d129c81
Spectator Name: FormedChicken67
Taken         : []
Given         : [SULPHUR x 2]
Target        : Kas0fficial
[2025-02-14 14:24:55] [INFO]:
Spectator UUID: 8b7892db-8420-3be9-ad2e-79926d129c81
Spectator Name: FormedChicken67
Taken         : []
Given         : [SULPHUR x 2]
Target        : Kas0fficial
